<?xml version="1.0" encoding="UTF-8"?>
<!-- Generated by org.testng.reporters.JUnitReportReporter -->
<testsuite hostname="LAPTOP-VNBA3OG5" failures="0" tests="1" name="ConvertJsonToclass" time="0.073" errors="0" timestamp="2021-10-24T18:35:52 CDT" skipped="0">
  <testcase classname="ConvertJsonToclass" name="test" time="0.073"/>
  <system-out/>
</testsuite> <!-- ConvertJsonToclass -->
